<?xml version="1.0" encoding="UTF-8"?>
<root>
  <domain>test</domain>
  <comment>test</comment>
  <ddlVersion>1</ddlVersion>
  <dmlVersion>1</dmlVersion>
  <ddlPublishVersion>1</ddlPublishVersion>
  <dmlPublishVersion>1</dmlPublishVersion>
  <ddlFileDirectory>test</ddlFileDirectory>
  <dmlFileDirectory>test</dmlFileDirectory>
  <ddlFilePrefix>test</ddlFilePrefix>
  <dmlFilePrefix>test</dmlFilePrefix>
</root>
